<?xml version="1.0" encoding="utf-8"?><testsuites name="pytest tests"><testsuite name="pytest" errors="0" failures="0" skipped="1" tests="72" time="1.098" timestamp="2025-11-06T23:38:06.216998+00:00" hostname="runnervmf2e7y"><testcase classname="tests.test_api.TestInMemoryInterface" name="test_from_arrays_basic" time="0.014" /><testcase classname="tests.test_api.TestInMemoryInterface" name="test_constraint_matrix_recovery" time="0.010" /><testcase classname="tests.test_api.TestInMemoryInterface" name="test_objective_matrix_recovery" time="0.011" /><testcase classname="tests.test_api.TestInMemoryInterface" name="test_solve_direct" time="0.010" /><testcase classname="tests.test_api.TestInMemoryInterface" name="test_dimension_mismatch" time="0.008" /><testcase classname="tests.test_api.TestInMemoryInterface" name="test_sparse_matrices" time="0.009" /><testcase classname="tests.test_api.TestInMemoryInterface" name="test_bounds_handling" time="0.009" /><testcase classname="tests.test_api.TestInMemoryInterface" name="test_ordering_cone" time="0.011" /><testcase classname="tests.test_api.TestInMemoryInterface" name="test_duality_parameter" time="0.011" /><testcase classname="tests.test_api.TestStructureExposure" name="test_problem_properties" time="0.011" /><testcase classname="tests.test_api.TestStructureExposure" name="test_matrix_properties" time="0.010" /><testcase classname="tests.test_api.TestCompatibility" name="test_traditional_solve_still_works" time="0.012" /><testcase classname="tests.test_api.TestCompatibility" name="test_vlp_problem_attributes" time="0.008" /><testcase classname="tests.test_api.TestSolutionInterface" name="test_solution_attributes" time="0.013" /><testcase classname="tests.test_api.TestSolutionInterface" name="test_solution_primal_access" time="0.012" /><testcase classname="tests.test_api.TestSolutionInterface" name="test_solution_cone_data" time="0.012" /><testcase classname="tests.test_api.TestSolutionInterface" name="test_solution_vertex_counts" time="0.011" /><testcase classname="tests.test_api.TestOptimizationDirections" name="test_minimization" time="0.010" /><testcase classname="tests.test_api.TestOptimizationDirections" name="test_maximization" time="0.010" /><testcase classname="tests.test_api.TestDataTypes" name="test_float32_arrays" time="0.009" /><testcase classname="tests.test_api.TestDataTypes" name="test_float64_arrays" time="0.009" /><testcase classname="tests.test_api.TestDataTypes" name="test_integer_conversion" time="0.010" /><testcase classname="tests.test_examples.TestExampleProblems" name="test_example01_simple_molp" time="0.009" /><testcase classname="tests.test_examples.TestExampleProblems" name="test_example01_traditional_interface" time="0.010" /><testcase classname="tests.test_examples.TestExampleProblems" name="test_example02_infeasible" time="0.016"><skipped type="pytest.xfail" message="Example02 is intentionally infeasible" /></testcase><testcase classname="tests.test_examples.TestExampleProblems" name="test_example03_no_vertex" time="0.010" /><testcase classname="tests.test_examples.TestExampleProblems" name="test_example04_totally_unbounded" time="0.008" /><testcase classname="tests.test_examples.TestExampleProblems" name="test_example05_custom_cone" time="0.011" /><testcase classname="tests.test_examples.TestExampleProblems" name="test_example06_maximization" time="0.009" /><testcase classname="tests.test_examples.TestExampleProblems" name="test_example08_partially_unbounded" time="0.009" /><testcase classname="tests.test_examples.TestExampleProblems" name="test_example11_high_dimensional" time="0.025" /><testcase classname="tests.test_examples.TestExampleConsistency" name="test_all_solvable_examples_run" time="0.019" /><testcase classname="tests.test_examples.TestExampleConsistency" name="test_problem_dimensions_consistent" time="0.007" /><testcase classname="tests.test_examples.TestExampleProperties" name="test_example01_solution_properties" time="0.009" /><testcase classname="tests.test_examples.TestExampleProperties" name="test_solution_has_primal_data" time="0.009" /><testcase classname="tests.test_examples.TestExampleProperties" name="test_example05_cone_dimensions" time="0.007" /><testcase classname="tests.test_import" name="test_import_benpy" time="0.007" /><testcase classname="tests.test_import" name="test_benpy_version" time="0.007" /><testcase classname="tests.test_import" name="test_import_core_classes" time="0.006" /><testcase classname="tests.test_import" name="test_import_core_functions" time="0.007" /><testcase classname="tests.test_import" name="test_import_internal_classes" time="0.007" /><testcase classname="tests.test_import" name="test_numpy_available" time="0.007" /><testcase classname="tests.test_import" name="test_scipy_available" time="0.007" /><testcase classname="tests.test_import" name="test_prettytable_available" time="0.007" /><testcase classname="tests.test_import" name="test_module_docstring" time="0.007" /><testcase classname="tests.test_import" name="test_module_file_location" time="0.007" /><testcase classname="tests.test_import" name="test_vlp_problem_creation" time="0.007" /><testcase classname="tests.test_import" name="test_c_vlp_problem_creation" time="0.007" /><testcase classname="tests.test_import" name="test_c_vlp_solution_creation" time="0.007" /><testcase classname="tests.test_memory.TestMemoryManagement" name="test_problem_dealloc_called" time="0.015" /><testcase classname="tests.test_memory.TestMemoryManagement" name="test_solution_dealloc_called" time="0.016" /><testcase classname="tests.test_memory.TestMemoryManagement" name="test_multiple_problems_no_crash" time="0.053" /><testcase classname="tests.test_memory.TestMemoryManagement" name="test_multiple_solutions_no_crash" time="0.053" /><testcase classname="tests.test_memory.TestMemoryManagement" name="test_problem_with_ordering_cone" time="0.015" /><testcase classname="tests.test_memory.TestMemoryManagement" name="test_problem_with_duality_parameter" time="0.015" /><testcase classname="tests.test_memory.TestMemoryManagement" name="test_solution_properties_access" time="0.016" /><testcase classname="tests.test_memory.TestMemoryManagement" name="test_file_based_problem" time="0.014" /><testcase classname="tests.test_memory.TestMemoryManagement" name="test_ref_counting" time="0.014" /><testcase classname="tests.test_memory.TestMemoryManagement" name="test_reuse_problem_object" time="0.017" /><testcase classname="tests.test_memory.TestMemoryInitialization" name="test_null_initialization" time="0.013" /><testcase classname="tests.test_memory.TestMemoryInitialization" name="test_partial_initialization_error_handling" time="0.018" /><testcase classname="tests.test_solve_consistency.TestSolveConsistency" name="test_example01_consistency" time="0.013" /><testcase classname="tests.test_solve_consistency.TestSolveConsistency" name="test_consistency_with_bounds" time="0.012" /><testcase classname="tests.test_solve_consistency.TestSolveConsistency" name="test_consistency_maximization" time="0.012" /><testcase classname="tests.test_solve_consistency.TestSolveConsistency" name="test_vertex_counts_match" time="0.012" /><testcase classname="tests.test_vlpsolution_attrs.TestVlpSolutionAttributes" name="test_status_attribute_exists" time="0.009" /><testcase classname="tests.test_vlpsolution_attrs.TestVlpSolutionAttributes" name="test_num_vertices_upper_attribute" time="0.010" /><testcase classname="tests.test_vlpsolution_attrs.TestVlpSolutionAttributes" name="test_num_vertices_lower_attribute" time="0.009" /><testcase classname="tests.test_vlpsolution_attrs.TestVlpSolutionAttributes" name="test_Y_attribute" time="0.009" /><testcase classname="tests.test_vlpsolution_attrs.TestVlpSolutionAttributes" name="test_Z_attribute" time="0.009" /><testcase classname="tests.test_vlpsolution_attrs.TestVlpSolutionAttributes" name="test_all_notebook_attributes" time="0.009" /><testcase classname="tests.test_vlpsolution_attrs.TestVlpSolutionAttributes" name="test_solve_also_has_attributes" time="0.011" /></testsuite></testsuites>